/*C2*/SET SCHEMA PUBLIC
CREATE TABLE  cliente (\u000a  login varchar(30) NOT NULL ,\u000a  nome varchar(30) ,\u000a  PRIMARY KEY (login)\u000a)
INSERT INTO CLIENTE VALUES('aline','aline mariana')
INSERT INTO CLIENTE VALUES('bete','Bernadete Carvalho')
INSERT INTO CLIENTE VALUES('joao','Jo\u00e3o Carlos')
INSERT INTO CLIENTE VALUES('joca','jonas carmelo')
INSERT INTO CLIENTE VALUES('ju','Juliana Santos')
INSERT INTO CLIENTE VALUES('lucas','lucas silveiro')
INSERT INTO CLIENTE VALUES('phsb','phabiano')
COMMIT
CREATE TABLE  filme (\u000a  codigo integer NOT NULL,\u000a  nome varchar(30) ,\u000a  PRIMARY KEY (codigo)\u000a)
INSERT INTO FILME VALUES(1,'Titanic')
INSERT INTO FILME VALUES(2,'Eu sou o numero 4')
INSERT INTO FILME VALUES(3,'o poder do seis 6')
INSERT INTO FILME VALUES(4,'Veronika decide morrer')
INSERT INTO FILME VALUES(5,'crepusculo')
INSERT INTO FILME VALUES(6,'a lagoa azul')
INSERT INTO FILME VALUES(7,'esqueceram de mim')
INSERT INTO FILME VALUES(8,'velocidade maxima')
INSERT INTO FILME VALUES(9,'o meu primeiro amor')
INSERT INTO FILME VALUES(10,'coragem, o c\u00e3o covarde')
COMMIT
CREATE TABLE  idioma (\u000a  codigo integer NOT NULL ,\u000a  nome varchar(50) ,\u000a  PRIMARY KEY (codigo)\u000a)
INSERT INTO IDIOMA VALUES(1,'portugu\u00eas')
INSERT INTO IDIOMA VALUES(2,'ingl\u00eas')
INSERT INTO IDIOMA VALUES(3,'espanhol')
INSERT INTO IDIOMA VALUES(4,'franc\u00eas')
COMMIT
CREATE TABLE  unidade (\u000a  codigo integer NOT NULL,\u000a  codigo_filmeFK integer NOT NULL,\u000a  preco float ,\u000a  PRIMARY KEY (codigo),\u000a  CONSTRAINT unidade_ibfk_1 FOREIGN KEY (codigo_filmeFK) REFERENCES filme (codigo)\u000a)
INSERT INTO UNIDADE VALUES(1,1,2.0E0)
INSERT INTO UNIDADE VALUES(2,2,2.5E0)
INSERT INTO UNIDADE VALUES(3,3,2.5E0)
INSERT INTO UNIDADE VALUES(4,4,2.5E0)
INSERT INTO UNIDADE VALUES(5,5,2.5E0)
INSERT INTO UNIDADE VALUES(6,6,2.5E0)
INSERT INTO UNIDADE VALUES(7,7,2.5E0)
INSERT INTO UNIDADE VALUES(8,8,2.5E0)
INSERT INTO UNIDADE VALUES(9,9,2.5E0)
INSERT INTO UNIDADE VALUES(10,10,2.5E0)
INSERT INTO UNIDADE VALUES(11,1,2.0E0)
COMMIT
CREATE TABLE  possuir_audio (\u000a  codigo_idiomaFK integer NOT NULL ,\u000a  codigo_unidadeFK integer NOT NULL ,\u000a  PRIMARY KEY (codigo_idiomaFK,codigo_unidadeFK),\u000a  CONSTRAINT possuir_audio_ibfk_1 FOREIGN KEY (codigo_idiomaFK) REFERENCES idioma (codigo),\u000a  CONSTRAINT possuir_audio_ibfk_2 FOREIGN KEY (codigo_unidadeFK) REFERENCES unidade (codigo)\u000a)
INSERT INTO POSSUIR_AUDIO VALUES(1,1)
INSERT INTO POSSUIR_AUDIO VALUES(2,1)
INSERT INTO POSSUIR_AUDIO VALUES(2,2)
INSERT INTO POSSUIR_AUDIO VALUES(3,2)
INSERT INTO POSSUIR_AUDIO VALUES(3,3)
INSERT INTO POSSUIR_AUDIO VALUES(4,3)
INSERT INTO POSSUIR_AUDIO VALUES(3,4)
INSERT INTO POSSUIR_AUDIO VALUES(4,4)
INSERT INTO POSSUIR_AUDIO VALUES(2,5)
INSERT INTO POSSUIR_AUDIO VALUES(3,5)
INSERT INTO POSSUIR_AUDIO VALUES(1,6)
INSERT INTO POSSUIR_AUDIO VALUES(2,6)
INSERT INTO POSSUIR_AUDIO VALUES(1,7)
INSERT INTO POSSUIR_AUDIO VALUES(2,7)
INSERT INTO POSSUIR_AUDIO VALUES(2,8)
INSERT INTO POSSUIR_AUDIO VALUES(3,8)
INSERT INTO POSSUIR_AUDIO VALUES(3,9)
INSERT INTO POSSUIR_AUDIO VALUES(4,9)
INSERT INTO POSSUIR_AUDIO VALUES(3,10)
INSERT INTO POSSUIR_AUDIO VALUES(4,10)
INSERT INTO POSSUIR_AUDIO VALUES(2,11)
INSERT INTO POSSUIR_AUDIO VALUES(3,11)
COMMIT
CREATE TABLE  possuir_legenda (\u000a  codigo_idiomaFK integer NOT NULL ,\u000a  codigo_unidadeFK integer NOT NULL ,\u000a  PRIMARY KEY (codigo_idiomaFK,codigo_unidadeFK),\u000a  CONSTRAINT possuir_legenda_ibfk_1 FOREIGN KEY (codigo_idiomaFK) REFERENCES idioma (codigo),\u000a  CONSTRAINT possuir_legenda_ibfk_2 FOREIGN KEY (codigo_unidadeFK) REFERENCES unidade (codigo)\u000a)
INSERT INTO POSSUIR_LEGENDA VALUES(1,1)
INSERT INTO POSSUIR_LEGENDA VALUES(2,1)
INSERT INTO POSSUIR_LEGENDA VALUES(2,2)
INSERT INTO POSSUIR_LEGENDA VALUES(3,2)
INSERT INTO POSSUIR_LEGENDA VALUES(3,3)
INSERT INTO POSSUIR_LEGENDA VALUES(4,3)
INSERT INTO POSSUIR_LEGENDA VALUES(3,4)
INSERT INTO POSSUIR_LEGENDA VALUES(4,4)
INSERT INTO POSSUIR_LEGENDA VALUES(2,5)
INSERT INTO POSSUIR_LEGENDA VALUES(3,5)
INSERT INTO POSSUIR_LEGENDA VALUES(1,6)
INSERT INTO POSSUIR_LEGENDA VALUES(2,6)
INSERT INTO POSSUIR_LEGENDA VALUES(1,7)
INSERT INTO POSSUIR_LEGENDA VALUES(2,7)
INSERT INTO POSSUIR_LEGENDA VALUES(2,8)
INSERT INTO POSSUIR_LEGENDA VALUES(3,8)
INSERT INTO POSSUIR_LEGENDA VALUES(3,9)
INSERT INTO POSSUIR_LEGENDA VALUES(4,9)
INSERT INTO POSSUIR_LEGENDA VALUES(3,10)
INSERT INTO POSSUIR_LEGENDA VALUES(4,10)
INSERT INTO POSSUIR_LEGENDA VALUES(2,11)
INSERT INTO POSSUIR_LEGENDA VALUES(3,11)
COMMIT
CREATE TABLE  locar (\u000a  data_locacao date NOT NULL ,\u000a  data_devolucao date ,\u000a  login_clienteFK varchar(30) NOT NULL ,\u000a  codigo_unidadeFK integer NOT NULL ,\u000a  PRIMARY KEY (data_locacao,login_clienteFK,codigo_unidadeFK),\u000a  CONSTRAINT locar_ibfk_1 FOREIGN KEY (login_clienteFK) REFERENCES cliente (login),\u000a  CONSTRAINT locar_ibfk_2 FOREIGN KEY (codigo_unidadeFK) REFERENCES unidade (codigo)\u000a)
INSERT INTO LOCAR VALUES('2011-12-02','2011-01-12','aline',3)
INSERT INTO LOCAR VALUES('2011-12-02','2011-01-12','aline',4)
INSERT INTO LOCAR VALUES('2011-12-02','2012-01-12','bete',1)
INSERT INTO LOCAR VALUES('2011-12-02','2012-01-12','bete',3)
INSERT INTO LOCAR VALUES('2011-12-02','2012-01-12','bete',4)
INSERT INTO LOCAR VALUES('2011-12-02','2012-01-12','joao',1)
INSERT INTO LOCAR VALUES('2011-12-02','2012-01-12','joao',3)
INSERT INTO LOCAR VALUES('2011-12-02','2012-01-12','joao',4)
INSERT INTO LOCAR VALUES('2011-12-02','2011-01-12','joca',1)
INSERT INTO LOCAR VALUES('2011-12-02','2011-01-12','joca',2)
INSERT INTO LOCAR VALUES('2011-12-02','2011-01-12','joca',3)
INSERT INTO LOCAR VALUES('2011-12-02','2012-01-12','ju',1)
INSERT INTO LOCAR VALUES('2011-12-02','2012-01-12','ju',3)
INSERT INTO LOCAR VALUES('2011-12-02','2012-01-12','ju',4)
INSERT INTO LOCAR VALUES('2011-12-02','2011-01-12','lucas',1)
INSERT INTO LOCAR VALUES('2011-12-02','2011-01-12','phsb',1)
INSERT INTO LOCAR VALUES('2011-12-02','2011-01-12','phsb',3)
INSERT INTO LOCAR VALUES('2011-12-02','2011-01-12','phsb',4)
INSERT INTO LOCAR VALUES('2012-02-12','2012-02-18','bete',1)
INSERT INTO LOCAR VALUES('2012-02-12','2012-02-18','ju',5)
COMMIT
DISCONNECT
